<?xml version="1.0" encoding="UTF-8"?>
<!-- Generated by org.testng.reporters.JUnitXMLReporter -->
<testsuite hostname="DESKTOP-R408AKF" ignored="3" name="New-Test" tests="5" failures="0" timestamp="06 Jan 2020 10:09:14 GMT" time="0.064" errors="0">
  <testcase name="fish" time="0.009" classname="com.wow.Day"/>
  <testcase name="ram_homeloan" time="0.001" classname="com.wow.HomeLoan"/>
  <testcase name="nag_Carloan" time="0.002" classname="com.wow.Carloan"/>
  <testcase name="sam_Carloan" time="0.002" classname="com.wow.Carloan"/>
  <testcase name="Loan_naga" time="0.003" classname="com.wow.Mobileloan"/>
  <testcase name="Mobile_Loan_ram" time="0.0" classname="com.wow.Mobileloan">
    <ignored/>
  </testcase> <!-- Mobile_Loan_ram -->
  <testcase name="santhosh_homeloan" time="0.0" classname="com.wow.HomeLoan">
    <ignored/>
  </testcase> <!-- santhosh_homeloan -->
  <testcase name="Mobile_Loan_nag" time="0.0" classname="com.wow.Mobileloan">
    <ignored/>
  </testcase> <!-- Mobile_Loan_nag -->
</testsuite> <!-- New-Test -->
