<?xml version="1.0" encoding="UTF-8"?>
<!-- Generated by org.testng.reporters.JUnitXMLReporter -->
<testsuite hostname="DESKTOP-R408AKF" ignored="0" name="Default test" tests="6" failures="0" timestamp="06 Jan 2020 10:45:05 GMT" time="0.07" errors="0">
  <testcase name="errortest" time="0.011" classname="com.wow.Dependsonmethods"/>
  <testcase name="nag" time="0.002" classname="com.wow.Dependsonmethods"/>
  <testcase name="sam" time="0.003" classname="com.wow.Dependsonmethods"/>
  <testcase name="sec" time="0.005" classname="com.wow.Dependsonmethods"/>
  <testcase name="fir" time="0.001" classname="com.wow.Dependsonmethods"/>
  <testcase name="third" time="0.004" classname="com.wow.Dependsonmethods"/>
</testsuite> <!-- Default test -->
